<?xml version="1.0" encoding="UTF-8"?>
<testsuite name="example.cricket.BatsmanTest" tests="3" skipped="0" failures="0" errors="0" timestamp="2021-09-22T05:29:47" hostname="Chetans-MacBook-Pro.local" time="0.01">
  <properties/>
  <testcase name="shouldReturnRunsScoreBetweenZeroAndThreeWhenBatsmanIsDefensive()" classname="example.cricket.BatsmanTest" time="0.003"/>
  <testcase name="shouldReturnRunsScoreZeroOrFourOrSixWhenBatsmanIsHitter()" classname="example.cricket.BatsmanTest" time="0.001"/>
  <testcase name="shouldReturnRunsScoreBetweenZeroAndSixWhenBatsmanIsNormal()" classname="example.cricket.BatsmanTest" time="0.002"/>
  <system-out><![CDATA[]]></system-out>
  <system-err><![CDATA[]]></system-err>
</testsuite>
