<?xml version="1.0" encoding="UTF-8"?>
<testsuite name="example.cricket.BatsmanTest" tests="2" skipped="0" failures="0" errors="0" timestamp="2021-09-22T05:01:01" hostname="Chetans-MacBook-Pro.local" time="0.003">
  <properties/>
  <testcase name="shouldReturnRunsScoredZeroOrFourOrSixWhenBatsmanIsHitter()" classname="example.cricket.BatsmanTest" time="0.001"/>
  <testcase name="shouldReturnRunsScoredBetweenZeroAndSixWhenBatsmanIsNormal()" classname="example.cricket.BatsmanTest" time="0.001"/>
  <system-out><![CDATA[]]></system-out>
  <system-err><![CDATA[]]></system-err>
</testsuite>
