<?xml version="1.0" encoding="UTF-8"?>
<testsuite name="example.cricket.OverTest" tests="1" skipped="0" failures="0" errors="0" timestamp="2021-09-21T05:06:09" hostname="Vanshs-MacBook-Pro.local" time="0.026">
  <properties/>
  <testcase name="shouldReturnTrueIfRunsExceedTarget()" classname="example.cricket.OverTest" time="0.026"/>
  <system-out><![CDATA[]]></system-out>
  <system-err><![CDATA[]]></system-err>
</testsuite>
